08:04:17 DEBUG : Logs will be stored at 'C:/Users/Jason.Wyche/source/repos/ece383_wksp/IDE.log'.
08:04:42 INFO  : Launching XSCT server: xsct.bat -n  -interactive C:\Users\Jason.Wyche\source\repos\ece383_wksp\temp_xsdb_launch_script.tcl
08:04:42 INFO  : Platform repository initialization has completed.
08:04:42 INFO  : Registering command handlers for Vitis TCF services
08:04:52 INFO  : XSCT server has started successfully.
08:04:52 INFO  : plnx-install-location is set to ''
08:04:52 INFO  : Successfully done setting XSCT server connection channel  
08:05:02 INFO  : Successfully done setting workspace for the tool. 
08:05:02 INFO  : Successfully done query RDI_DATADIR 
08:08:12 DEBUG : Logs will be stored at 'C:/Users/Jason.Wyche/source/repos/ece383_wksp/IDE.log'.
08:08:18 INFO  : Launching XSCT server: xsct.bat -n  -interactive C:\Users\Jason.Wyche\source\repos\ece383_wksp\temp_xsdb_launch_script.tcl
08:08:18 INFO  : Registering command handlers for Vitis TCF services
08:08:19 INFO  : Platform repository initialization has completed.
08:08:20 INFO  : XSCT server has started successfully.
08:08:20 INFO  : Successfully done setting XSCT server connection channel  
08:08:20 INFO  : plnx-install-location is set to ''
08:08:20 INFO  : Successfully done setting workspace for the tool. 
08:08:20 INFO  : Successfully done query RDI_DATADIR 
08:12:45 INFO  : Result from executing command 'getProjects': design_1_wrapper
08:12:45 INFO  : Result from executing command 'getPlatforms': 
08:12:45 WARN  : An unexpected exception occurred in the module 'platform project logging'
08:12:45 INFO  : Platform 'design_1_wrapper' is added to custom repositories.
08:12:49 INFO  : Platform 'design_1_wrapper' is added to custom repositories.
08:18:17 INFO  : Result from executing command 'getProjects': design_1_wrapper
08:18:17 INFO  : Result from executing command 'getPlatforms': design_1_wrapper|C:/Users/Jason.Wyche/source/repos/ece383_wksp/design_1_wrapper/export/design_1_wrapper/design_1_wrapper.xpfm
08:18:18 INFO  : Checking for BSP changes to sync application flags for project 'Microblaze_Intro_vitis'...
08:19:23 INFO  : Checking for BSP changes to sync application flags for project 'Microblaze_Intro_vitis'...
08:21:38 INFO  : Checking for BSP changes to sync application flags for project 'Microblaze_Intro_vitis'...
08:35:18 INFO  : Checking for BSP changes to sync application flags for project 'Microblaze_Intro_vitis'...
08:40:48 INFO  : Connected to target on host '127.0.0.1' and port '3121'.
08:40:50 INFO  : Jtag cable 'Digilent Nexys Video 210276BA0139B' is selected.
08:40:50 INFO  : 'jtag frequency' command is executed.
08:40:50 INFO  : 'targets -set -filter {jtag_cable_name =~ "Digilent Nexys Video 210276BA0139B" && level==0 && jtag_device_ctx=="jsn-Nexys Video-210276BA0139B-13636093-0"}' command is executed.
08:40:56 INFO  : Device configured successfully with "C:/Users/Jason.Wyche/source/repos/ece383_wksp/Microblaze_Intro_vitis/_ide/bitstream/design_1_wrapper.bit"
08:40:56 INFO  : Context for processor 'microblaze_0' is selected.
08:40:56 INFO  : Hardware design and registers information is loaded from 'C:/Users/Jason.Wyche/source/repos/ece383_wksp/design_1_wrapper/export/design_1_wrapper/hw/design_1_wrapper.xsa'.
08:40:56 INFO  : 'configparams mdm-detect-bscan-mask 2' command is executed.
08:40:56 INFO  : Context for processor 'microblaze_0' is selected.
08:40:56 INFO  : System reset is completed.
08:40:59 INFO  : 'after 3000' command is executed.
08:40:59 INFO  : Context for processor 'microblaze_0' is selected.
08:40:59 INFO  : The application 'C:/Users/Jason.Wyche/source/repos/ece383_wksp/Microblaze_Intro_vitis/Debug/Microblaze_Intro_vitis.elf' is downloaded to processor 'microblaze_0'.
08:40:59 INFO  : ----------------XSDB Script----------------
connect -url tcp:127.0.0.1:3121
targets -set -filter {jtag_cable_name =~ "Digilent Nexys Video 210276BA0139B" && level==0 && jtag_device_ctx=="jsn-Nexys Video-210276BA0139B-13636093-0"}
fpga -file C:/Users/Jason.Wyche/source/repos/ece383_wksp/Microblaze_Intro_vitis/_ide/bitstream/design_1_wrapper.bit
targets -set -nocase -filter {name =~ "*microblaze*#0" && bscan=="USER2" }
loadhw -hw C:/Users/Jason.Wyche/source/repos/ece383_wksp/design_1_wrapper/export/design_1_wrapper/hw/design_1_wrapper.xsa -regs
configparams mdm-detect-bscan-mask 2
targets -set -nocase -filter {name =~ "*microblaze*#0" && bscan=="USER2" }
rst -system
after 3000
targets -set -nocase -filter {name =~ "*microblaze*#0" && bscan=="USER2" }
dow C:/Users/Jason.Wyche/source/repos/ece383_wksp/Microblaze_Intro_vitis/Debug/Microblaze_Intro_vitis.elf
----------------End of Script----------------

08:41:00 INFO  : Context for processor 'microblaze_0' is selected.
08:41:00 INFO  : 'con' command is executed.
08:41:00 INFO  : ----------------XSDB Script (After Launch)----------------
targets -set -nocase -filter {name =~ "*microblaze*#0" && bscan=="USER2" }
con
----------------End of Script----------------

08:41:00 INFO  : Launch script is exported to file 'C:\Users\Jason.Wyche\source\repos\ece383_wksp\Microblaze_Intro_vitis_system\_ide\scripts\debugger_microblaze_intro_vitis-default.tcl'
08:41:38 INFO  : Disconnected from the channel tcfchan#2.
08:41:39 INFO  : Connected to target on host '127.0.0.1' and port '3121'.
08:41:48 INFO  : ----------------XSDB Script----------------
connect -url tcp:127.0.0.1:3121
----------------End of Script----------------

08:41:48 ERROR : Could not find FPGA device on the board for connection 'Local'.


Troubleshooting hints:
1. Check whether board is connected to system properly.
2. In case of zynq board, check whether Digilent/Xilinx cable switch settings are correct.
3. If you are using Xilinx Platform Cable USB, ensure that status LED is green.
08:41:57 INFO  : Connected to target on host '127.0.0.1' and port '3121'.
08:41:57 INFO  : Jtag cable 'Digilent Nexys Video 210276BA0139B' is selected.
08:41:57 INFO  : 'jtag frequency' command is executed.
08:41:57 INFO  : 'targets -set -filter {jtag_cable_name =~ "Digilent Nexys Video 210276BA0139B" && level==0 && jtag_device_ctx=="jsn-Nexys Video-210276BA0139B-13636093-0"}' command is executed.
08:42:03 INFO  : Device configured successfully with "C:/Users/Jason.Wyche/source/repos/ece383_wksp/Microblaze_Intro_vitis/_ide/bitstream/design_1_wrapper.bit"
08:42:03 INFO  : Context for processor 'microblaze_0' is selected.
08:42:03 INFO  : Hardware design and registers information is loaded from 'C:/Users/Jason.Wyche/source/repos/ece383_wksp/design_1_wrapper/export/design_1_wrapper/hw/design_1_wrapper.xsa'.
08:42:03 INFO  : 'configparams mdm-detect-bscan-mask 2' command is executed.
08:42:03 INFO  : Context for processor 'microblaze_0' is selected.
08:42:03 INFO  : System reset is completed.
08:42:06 INFO  : 'after 3000' command is executed.
08:42:06 INFO  : Context for processor 'microblaze_0' is selected.
08:42:06 INFO  : The application 'C:/Users/Jason.Wyche/source/repos/ece383_wksp/Microblaze_Intro_vitis/Debug/Microblaze_Intro_vitis.elf' is downloaded to processor 'microblaze_0'.
08:42:06 INFO  : ----------------XSDB Script----------------
connect -url tcp:127.0.0.1:3121
targets -set -filter {jtag_cable_name =~ "Digilent Nexys Video 210276BA0139B" && level==0 && jtag_device_ctx=="jsn-Nexys Video-210276BA0139B-13636093-0"}
fpga -file C:/Users/Jason.Wyche/source/repos/ece383_wksp/Microblaze_Intro_vitis/_ide/bitstream/design_1_wrapper.bit
targets -set -nocase -filter {name =~ "*microblaze*#0" && bscan=="USER2" }
loadhw -hw C:/Users/Jason.Wyche/source/repos/ece383_wksp/design_1_wrapper/export/design_1_wrapper/hw/design_1_wrapper.xsa -regs
configparams mdm-detect-bscan-mask 2
targets -set -nocase -filter {name =~ "*microblaze*#0" && bscan=="USER2" }
rst -system
after 3000
targets -set -nocase -filter {name =~ "*microblaze*#0" && bscan=="USER2" }
dow C:/Users/Jason.Wyche/source/repos/ece383_wksp/Microblaze_Intro_vitis/Debug/Microblaze_Intro_vitis.elf
----------------End of Script----------------

08:42:06 INFO  : Context for processor 'microblaze_0' is selected.
08:42:06 INFO  : 'con' command is executed.
08:42:06 INFO  : ----------------XSDB Script (After Launch)----------------
targets -set -nocase -filter {name =~ "*microblaze*#0" && bscan=="USER2" }
con
----------------End of Script----------------

08:42:06 INFO  : Launch script is exported to file 'C:\Users\Jason.Wyche\source\repos\ece383_wksp\Microblaze_Intro_vitis_system\_ide\scripts\debugger_microblaze_intro_vitis-default.tcl'
08:42:24 INFO  : Disconnected from the channel tcfchan#3.
08:42:25 INFO  : Connected to target on host '127.0.0.1' and port '3121'.
08:42:25 INFO  : Jtag cable 'Digilent Nexys Video 210276BA0139B' is selected.
08:42:25 INFO  : 'jtag frequency' command is executed.
08:42:25 INFO  : 'targets -set -filter {jtag_cable_name =~ "Digilent Nexys Video 210276BA0139B" && level==0 && jtag_device_ctx=="jsn-Nexys Video-210276BA0139B-13636093-0"}' command is executed.
08:42:31 INFO  : Device configured successfully with "C:/Users/Jason.Wyche/source/repos/ece383_wksp/Microblaze_Intro_vitis/_ide/bitstream/design_1_wrapper.bit"
08:42:31 INFO  : Context for processor 'microblaze_0' is selected.
08:42:31 INFO  : Hardware design and registers information is loaded from 'C:/Users/Jason.Wyche/source/repos/ece383_wksp/design_1_wrapper/export/design_1_wrapper/hw/design_1_wrapper.xsa'.
08:42:31 INFO  : 'configparams mdm-detect-bscan-mask 2' command is executed.
08:42:31 INFO  : Context for processor 'microblaze_0' is selected.
08:42:31 INFO  : System reset is completed.
08:42:34 INFO  : 'after 3000' command is executed.
08:42:34 INFO  : Context for processor 'microblaze_0' is selected.
08:42:34 INFO  : The application 'C:/Users/Jason.Wyche/source/repos/ece383_wksp/Microblaze_Intro_vitis/Debug/Microblaze_Intro_vitis.elf' is downloaded to processor 'microblaze_0'.
08:42:34 INFO  : ----------------XSDB Script----------------
connect -url tcp:127.0.0.1:3121
targets -set -filter {jtag_cable_name =~ "Digilent Nexys Video 210276BA0139B" && level==0 && jtag_device_ctx=="jsn-Nexys Video-210276BA0139B-13636093-0"}
fpga -file C:/Users/Jason.Wyche/source/repos/ece383_wksp/Microblaze_Intro_vitis/_ide/bitstream/design_1_wrapper.bit
targets -set -nocase -filter {name =~ "*microblaze*#0" && bscan=="USER2" }
loadhw -hw C:/Users/Jason.Wyche/source/repos/ece383_wksp/design_1_wrapper/export/design_1_wrapper/hw/design_1_wrapper.xsa -regs
configparams mdm-detect-bscan-mask 2
targets -set -nocase -filter {name =~ "*microblaze*#0" && bscan=="USER2" }
rst -system
after 3000
targets -set -nocase -filter {name =~ "*microblaze*#0" && bscan=="USER2" }
dow C:/Users/Jason.Wyche/source/repos/ece383_wksp/Microblaze_Intro_vitis/Debug/Microblaze_Intro_vitis.elf
----------------End of Script----------------

08:42:34 INFO  : Context for processor 'microblaze_0' is selected.
08:42:34 INFO  : 'con' command is executed.
08:42:34 INFO  : ----------------XSDB Script (After Launch)----------------
targets -set -nocase -filter {name =~ "*microblaze*#0" && bscan=="USER2" }
con
----------------End of Script----------------

08:42:34 INFO  : Launch script is exported to file 'C:\Users\Jason.Wyche\source\repos\ece383_wksp\Microblaze_Intro_vitis_system\_ide\scripts\debugger_microblaze_intro_vitis-default.tcl'
08:42:59 INFO  : Disconnected from the channel tcfchan#4.
08:43:00 INFO  : Connected to target on host '127.0.0.1' and port '3121'.
08:43:00 INFO  : Jtag cable 'Digilent Nexys Video 210276BA0139B' is selected.
08:43:00 INFO  : 'jtag frequency' command is executed.
08:43:00 INFO  : 'targets -set -filter {jtag_cable_name =~ "Digilent Nexys Video 210276BA0139B" && level==0 && jtag_device_ctx=="jsn-Nexys Video-210276BA0139B-13636093-0"}' command is executed.
08:43:06 INFO  : Device configured successfully with "C:/Users/Jason.Wyche/source/repos/ece383_wksp/Microblaze_Intro_vitis/_ide/bitstream/design_1_wrapper.bit"
08:43:06 INFO  : Context for processor 'microblaze_0' is selected.
08:43:06 INFO  : Hardware design and registers information is loaded from 'C:/Users/Jason.Wyche/source/repos/ece383_wksp/design_1_wrapper/export/design_1_wrapper/hw/design_1_wrapper.xsa'.
08:43:06 INFO  : 'configparams mdm-detect-bscan-mask 2' command is executed.
08:43:06 INFO  : Context for processor 'microblaze_0' is selected.
08:43:06 INFO  : System reset is completed.
08:43:09 INFO  : 'after 3000' command is executed.
08:43:09 INFO  : Context for processor 'microblaze_0' is selected.
08:43:09 INFO  : The application 'C:/Users/Jason.Wyche/source/repos/ece383_wksp/Microblaze_Intro_vitis/Debug/Microblaze_Intro_vitis.elf' is downloaded to processor 'microblaze_0'.
08:43:09 INFO  : ----------------XSDB Script----------------
connect -url tcp:127.0.0.1:3121
targets -set -filter {jtag_cable_name =~ "Digilent Nexys Video 210276BA0139B" && level==0 && jtag_device_ctx=="jsn-Nexys Video-210276BA0139B-13636093-0"}
fpga -file C:/Users/Jason.Wyche/source/repos/ece383_wksp/Microblaze_Intro_vitis/_ide/bitstream/design_1_wrapper.bit
targets -set -nocase -filter {name =~ "*microblaze*#0" && bscan=="USER2" }
loadhw -hw C:/Users/Jason.Wyche/source/repos/ece383_wksp/design_1_wrapper/export/design_1_wrapper/hw/design_1_wrapper.xsa -regs
configparams mdm-detect-bscan-mask 2
targets -set -nocase -filter {name =~ "*microblaze*#0" && bscan=="USER2" }
rst -system
after 3000
targets -set -nocase -filter {name =~ "*microblaze*#0" && bscan=="USER2" }
dow C:/Users/Jason.Wyche/source/repos/ece383_wksp/Microblaze_Intro_vitis/Debug/Microblaze_Intro_vitis.elf
----------------End of Script----------------

08:43:09 INFO  : Context for processor 'microblaze_0' is selected.
08:43:09 INFO  : 'con' command is executed.
08:43:09 INFO  : ----------------XSDB Script (After Launch)----------------
targets -set -nocase -filter {name =~ "*microblaze*#0" && bscan=="USER2" }
con
----------------End of Script----------------

08:43:09 INFO  : Launch script is exported to file 'C:\Users\Jason.Wyche\source\repos\ece383_wksp\Microblaze_Intro_vitis_system\_ide\scripts\debugger_microblaze_intro_vitis-default.tcl'
08:50:35 INFO  : Disconnected from the channel tcfchan#5.
08:50:36 INFO  : Connected to target on host '127.0.0.1' and port '3121'.
08:50:36 INFO  : Jtag cable 'Digilent Nexys Video 210276BA0139B' is selected.
08:50:36 INFO  : 'jtag frequency' command is executed.
08:50:36 INFO  : 'targets -set -filter {jtag_cable_name =~ "Digilent Nexys Video 210276BA0139B" && level==0 && jtag_device_ctx=="jsn-Nexys Video-210276BA0139B-13636093-0"}' command is executed.
08:50:42 INFO  : Device configured successfully with "C:/Users/Jason.Wyche/source/repos/ece383_wksp/Microblaze_Intro_vitis/_ide/bitstream/design_1_wrapper.bit"
08:50:42 INFO  : Context for processor 'microblaze_0' is selected.
08:50:42 INFO  : Hardware design and registers information is loaded from 'C:/Users/Jason.Wyche/source/repos/ece383_wksp/design_1_wrapper/export/design_1_wrapper/hw/design_1_wrapper.xsa'.
08:50:42 INFO  : 'configparams mdm-detect-bscan-mask 2' command is executed.
08:50:42 INFO  : Context for processor 'microblaze_0' is selected.
08:50:42 INFO  : System reset is completed.
08:50:45 INFO  : 'after 3000' command is executed.
08:50:45 INFO  : Context for processor 'microblaze_0' is selected.
08:50:45 INFO  : The application 'C:/Users/Jason.Wyche/source/repos/ece383_wksp/Microblaze_Intro_vitis/Debug/Microblaze_Intro_vitis.elf' is downloaded to processor 'microblaze_0'.
08:50:45 INFO  : ----------------XSDB Script----------------
connect -url tcp:127.0.0.1:3121
targets -set -filter {jtag_cable_name =~ "Digilent Nexys Video 210276BA0139B" && level==0 && jtag_device_ctx=="jsn-Nexys Video-210276BA0139B-13636093-0"}
fpga -file C:/Users/Jason.Wyche/source/repos/ece383_wksp/Microblaze_Intro_vitis/_ide/bitstream/design_1_wrapper.bit
targets -set -nocase -filter {name =~ "*microblaze*#0" && bscan=="USER2" }
loadhw -hw C:/Users/Jason.Wyche/source/repos/ece383_wksp/design_1_wrapper/export/design_1_wrapper/hw/design_1_wrapper.xsa -regs
configparams mdm-detect-bscan-mask 2
targets -set -nocase -filter {name =~ "*microblaze*#0" && bscan=="USER2" }
rst -system
after 3000
targets -set -nocase -filter {name =~ "*microblaze*#0" && bscan=="USER2" }
dow C:/Users/Jason.Wyche/source/repos/ece383_wksp/Microblaze_Intro_vitis/Debug/Microblaze_Intro_vitis.elf
----------------End of Script----------------

08:50:45 INFO  : Context for processor 'microblaze_0' is selected.
08:50:45 INFO  : 'con' command is executed.
08:50:45 INFO  : ----------------XSDB Script (After Launch)----------------
targets -set -nocase -filter {name =~ "*microblaze*#0" && bscan=="USER2" }
con
----------------End of Script----------------

08:50:45 INFO  : Launch script is exported to file 'C:\Users\Jason.Wyche\source\repos\ece383_wksp\Microblaze_Intro_vitis_system\_ide\scripts\debugger_microblaze_intro_vitis-default.tcl'
08:51:01 INFO  : Checking for BSP changes to sync application flags for project 'Microblaze_Intro_vitis'...
08:51:09 INFO  : Disconnected from the channel tcfchan#6.
08:51:10 INFO  : Connected to target on host '127.0.0.1' and port '3121'.
08:51:19 INFO  : ----------------XSDB Script----------------
connect -url tcp:127.0.0.1:3121
----------------End of Script----------------

08:51:19 ERROR : Could not find FPGA device on the board for connection 'Local'.


Troubleshooting hints:
1. Check whether board is connected to system properly.
2. In case of zynq board, check whether Digilent/Xilinx cable switch settings are correct.
3. If you are using Xilinx Platform Cable USB, ensure that status LED is green.
08:51:26 INFO  : Connected to target on host '127.0.0.1' and port '3121'.
08:51:27 INFO  : Jtag cable 'Digilent Nexys Video 210276BA0139B' is selected.
08:51:27 INFO  : 'jtag frequency' command is executed.
08:51:27 INFO  : 'targets -set -filter {jtag_cable_name =~ "Digilent Nexys Video 210276BA0139B" && level==0 && jtag_device_ctx=="jsn-Nexys Video-210276BA0139B-13636093-0"}' command is executed.
08:51:32 INFO  : Device configured successfully with "C:/Users/Jason.Wyche/source/repos/ece383_wksp/Microblaze_Intro_vitis/_ide/bitstream/design_1_wrapper.bit"
08:51:32 INFO  : Context for processor 'microblaze_0' is selected.
08:51:32 INFO  : Hardware design and registers information is loaded from 'C:/Users/Jason.Wyche/source/repos/ece383_wksp/design_1_wrapper/export/design_1_wrapper/hw/design_1_wrapper.xsa'.
08:51:32 INFO  : 'configparams mdm-detect-bscan-mask 2' command is executed.
08:51:32 INFO  : Context for processor 'microblaze_0' is selected.
08:51:32 INFO  : System reset is completed.
08:51:35 INFO  : 'after 3000' command is executed.
08:51:35 INFO  : Context for processor 'microblaze_0' is selected.
08:51:35 INFO  : The application 'C:/Users/Jason.Wyche/source/repos/ece383_wksp/Microblaze_Intro_vitis/Debug/Microblaze_Intro_vitis.elf' is downloaded to processor 'microblaze_0'.
08:51:35 INFO  : ----------------XSDB Script----------------
connect -url tcp:127.0.0.1:3121
targets -set -filter {jtag_cable_name =~ "Digilent Nexys Video 210276BA0139B" && level==0 && jtag_device_ctx=="jsn-Nexys Video-210276BA0139B-13636093-0"}
fpga -file C:/Users/Jason.Wyche/source/repos/ece383_wksp/Microblaze_Intro_vitis/_ide/bitstream/design_1_wrapper.bit
targets -set -nocase -filter {name =~ "*microblaze*#0" && bscan=="USER2" }
loadhw -hw C:/Users/Jason.Wyche/source/repos/ece383_wksp/design_1_wrapper/export/design_1_wrapper/hw/design_1_wrapper.xsa -regs
configparams mdm-detect-bscan-mask 2
targets -set -nocase -filter {name =~ "*microblaze*#0" && bscan=="USER2" }
rst -system
after 3000
targets -set -nocase -filter {name =~ "*microblaze*#0" && bscan=="USER2" }
dow C:/Users/Jason.Wyche/source/repos/ece383_wksp/Microblaze_Intro_vitis/Debug/Microblaze_Intro_vitis.elf
----------------End of Script----------------

08:51:36 INFO  : Context for processor 'microblaze_0' is selected.
08:51:36 INFO  : 'con' command is executed.
08:51:36 INFO  : ----------------XSDB Script (After Launch)----------------
targets -set -nocase -filter {name =~ "*microblaze*#0" && bscan=="USER2" }
con
----------------End of Script----------------

08:51:36 INFO  : Launch script is exported to file 'C:\Users\Jason.Wyche\source\repos\ece383_wksp\Microblaze_Intro_vitis_system\_ide\scripts\debugger_microblaze_intro_vitis-default.tcl'
10:06:34 INFO  : Disconnected from the channel tcfchan#7.
21:22:53 DEBUG : Logs will be stored at 'C:/Users/Jason.Wyche/source/repos/ece383_wksp/ice1/IDE.log'.
21:22:57 INFO  : Launching XSCT server: xsct.bat -n  -interactive C:\Users\Jason.Wyche\source\repos\ece383_wksp\ice1\temp_xsdb_launch_script.tcl
21:22:57 INFO  : Registering command handlers for Vitis TCF services
21:22:57 INFO  : Platform repository initialization has completed.
21:22:59 INFO  : XSCT server has started successfully.
21:22:59 INFO  : plnx-install-location is set to ''
21:22:59 INFO  : Successfully done setting XSCT server connection channel  
21:22:59 INFO  : Successfully done query RDI_DATADIR 
21:22:59 INFO  : Successfully done setting workspace for the tool. 
21:27:07 DEBUG : Logs will be stored at 'C:/Users/Jason.Wyche/source/repos/ece383_wksp/ice1/IDE.log'.
21:27:11 INFO  : Launching XSCT server: xsct.bat -n  -interactive C:\Users\Jason.Wyche\source\repos\ece383_wksp\ice1\temp_xsdb_launch_script.tcl
21:27:11 INFO  : Registering command handlers for Vitis TCF services
21:27:11 INFO  : Platform repository initialization has completed.
21:27:13 INFO  : XSCT server has started successfully.
21:27:13 INFO  : plnx-install-location is set to ''
21:27:13 INFO  : Successfully done setting XSCT server connection channel  
21:27:13 INFO  : Successfully done setting workspace for the tool. 
21:27:13 INFO  : Successfully done query RDI_DATADIR 
21:39:11 DEBUG : Logs will be stored at 'C:/Users/Jason.Wyche/source/repos/ece383_wksp/ice1/IDE.log'.
21:39:16 INFO  : Launching XSCT server: xsct.bat -n  -interactive C:\Users\Jason.Wyche\source\repos\ece383_wksp\ice1\temp_xsdb_launch_script.tcl
21:39:16 INFO  : Platform repository initialization has completed.
21:39:16 INFO  : Registering command handlers for Vitis TCF services
21:39:18 INFO  : XSCT server has started successfully.
21:39:18 INFO  : Successfully done setting XSCT server connection channel  
21:39:18 INFO  : plnx-install-location is set to ''
21:39:18 INFO  : Successfully done setting workspace for the tool. 
21:39:18 INFO  : Successfully done query RDI_DATADIR 
21:47:05 INFO  : Platform 'design_1_wrapper' is added to custom repositories.
21:48:20 INFO  : Connected to target on host '127.0.0.1' and port '3121'.
21:48:39 INFO  : ----------------XSDB Script----------------
connect -url tcp:127.0.0.1:3121
----------------End of Script----------------

21:48:39 ERROR : Could not find FPGA device on the board for connection 'Local'.


Troubleshooting hints:
1. Check whether board is connected to system properly.
2. In case of zynq board, check whether Digilent/Xilinx cable switch settings are correct.
3. If you are using Xilinx Platform Cable USB, ensure that status LED is green.
