#-----------------------------------------------------------
# Vivado v2024.2 (64-bit)
# SW Build 5239630 on Fri Nov 08 22:35:27 MST 2024
# IP Build 5239520 on Sun Nov 10 16:12:51 MST 2024
# SharedData Build 5239561 on Fri Nov 08 14:39:27 MST 2024
# Start of session at: Fri Feb  6 19:45:06 2026
# Process ID         : 13948
# Current directory  : C:/Users/Jason.Wyche/source/repos/ece383_wksp/hw8/Scancode_Converter
# Command line       : vivado.exe -gui_launcher_event rodinguilauncherevent5132 C:\Users\Jason.Wyche\source\repos\ece383_wksp\hw8\Scancode_Converter\Scancode_Converter.xpr
# Log file           : C:/Users/Jason.Wyche/source/repos/ece383_wksp/hw8/Scancode_Converter/vivado.log
# Journal file       : C:/Users/Jason.Wyche/source/repos/ece383_wksp/hw8/Scancode_Converter\vivado.jou
# Running On         : WycheSurfacePro
# Platform           : Windows Server 2016 or Windows 10
# Operating System   : 22631
# Processor Detail   : 12th Gen Intel(R) Core(TM) i5-1245U
# CPU Frequency      : 2496 MHz
# CPU Physical cores : 10
# CPU Logical cores  : 12
# Host memory        : 16995 MB
# Swap memory        : 2550 MB
# Total Virtual      : 19545 MB
# Available Virtual  : 10433 MB
#-----------------------------------------------------------
start_gui
open_project C:/Users/Jason.Wyche/source/repos/ece383_wksp/hw8/Scancode_Converter/Scancode_Converter.xpr
INFO: [Project 1-313] Project file moved from 'C:/Users/Jason.Wyche/source/repos/ece383_wksp/hw7/Scancode_Converter' since last save.
INFO: [filemgmt 56-3] Default IP Output Path : Could not find the directory 'C:/Users/Jason.Wyche/source/repos/ece383_wksp/hw8/Scancode_Converter/Scancode_Converter.gen/sources_1'.
Scanning sources...
Finished scanning sources
INFO: [IP_Flow 19-234] Refreshing IP repositories
INFO: [IP_Flow 19-1704] No user IP repositories specified
INFO: [IP_Flow 19-2313] Loaded Vivado IP repository 'C:/Xilinx/Vivado/2024.2/data/ip'.
