17:18:48 DEBUG : Logs will be stored at 'C:/Users/Jason.Wyche/source/repos/ece383_wksp/ice2/IDE.log'.
17:18:52 INFO  : Launching XSCT server: xsct.bat -n  -interactive C:\Users\Jason.Wyche\source\repos\ece383_wksp\ice2\temp_xsdb_launch_script.tcl
17:18:52 INFO  : Platform repository initialization has completed.
17:18:52 INFO  : Registering command handlers for Vitis TCF services
17:18:55 INFO  : XSCT server has started successfully.
17:18:56 INFO  : Successfully done setting XSCT server connection channel  
17:18:56 INFO  : plnx-install-location is set to ''
17:18:56 INFO  : Successfully done query RDI_DATADIR 
17:18:56 INFO  : Successfully done setting workspace for the tool. 
17:20:28 INFO  : Result from executing command 'getProjects': design_1_wrapper
17:20:28 INFO  : Result from executing command 'getPlatforms': 
17:20:28 WARN  : An unexpected exception occurred in the module 'platform project logging'
17:20:29 INFO  : Platform 'design_1_wrapper' is added to custom repositories.
17:20:31 INFO  : Platform 'design_1_wrapper' is added to custom repositories.
17:23:56 INFO  : Checking for BSP changes to sync application flags for project 'Microblaze_Counter_Vitis'...
17:23:56 INFO  : Result from executing command 'getProjects': Microblaze_Counter_Vitis;Microblaze_Counter_Vitis_system;RemoteSystemsTempFiles;design_1_wrapper
17:23:56 WARN  : Failed to closehw "C:/Users/Jason.Wyche/source/repos/ece383_wksp/ice2/design_1_wrapper/export/design_1_wrapper/hw/design_1_wrapper.xsa"
Reason: C:/Users/Jason.Wyche/source/repos/ece383_wksp/ice2/design_1_wrapper/export/design_1_wrapper/hw/design_1_wrapper.xsa is not available in the current workspace
use 'getprojects' command to see list of available projects in current workspace
17:23:56 INFO  : Result from executing command 'getProjects': Microblaze_Counter_Vitis;Microblaze_Counter_Vitis_system;RemoteSystemsTempFiles;design_1_wrapper
17:23:56 ERROR : Failed to openhw "C:/Users/Jason.Wyche/source/repos/ece383_wksp/ice2/design_1_wrapper/export/design_1_wrapper/hw/design_1_wrapper.xsa"
Reason: C:/Users/Jason.Wyche/source/repos/ece383_wksp/ice2/design_1_wrapper/export/design_1_wrapper/hw/design_1_wrapper.xsa is not available in the current workspace
use 'getprojects' command to see list of available projects in current workspace
17:23:56 ERROR : Failed to update application flags from BSP for 'Microblaze_Counter_Vitis'. Reason: null
java.lang.NullPointerException: null
	at com.xilinx.sdx.sw.internal.SDxSwPlatform.<init>(SDxSwPlatform.java:305) ~[com.xilinx.sdx.sw_1.0.0.202411031917.jar:?]
	at com.xilinx.sdx.sw.internal.SDxSwPlatform.create(SDxSwPlatform.java:214) ~[com.xilinx.sdx.sw_1.0.0.202411031917.jar:?]
	at com.xilinx.sdx.sdk.core.util.SdkPlatformHelper.getSwPlatform(SdkPlatformHelper.java:64) ~[com.xilinx.sdx.sdk.core_1.0.0.202411031917.jar:?]
	at com.xilinx.sdx.sdk.core.build.SdkMakefileGenerationListener.getSwPlatform(SdkMakefileGenerationListener.java:160) ~[com.xilinx.sdx.sdk.core_1.0.0.202411031917.jar:?]
	at com.xilinx.sdx.sdk.core.build.SdkMakefileGenerationListener.syncAppFlags(SdkMakefileGenerationListener.java:78) [com.xilinx.sdx.sdk.core_1.0.0.202411031917.jar:?]
	at com.xilinx.sdx.sdk.core.build.SdkMakefileGenerationListener.preMakefileGeneration(SdkMakefileGenerationListener.java:48) [com.xilinx.sdx.sdk.core_1.0.0.202411031917.jar:?]
	at com.xilinx.sdk.managedbuilder.XilinxGnuMakefileGenerator.notifyPreMakefileGenerationListeners(XilinxGnuMakefileGenerator.java:91) [com.xilinx.sdk.managedbuilder_1.0.0.202411031917.jar:?]
	at com.xilinx.sdk.managedbuilder.XilinxGnuMakefileGenerator.regenerateMakefiles(XilinxGnuMakefileGenerator.java:75) [com.xilinx.sdk.managedbuilder_1.0.0.202411031917.jar:?]
	at org.eclipse.cdt.managedbuilder.internal.core.CommonBuilder.performMakefileGeneration(CommonBuilder.java:1006) [org.eclipse.cdt.managedbuilder.core_8.6.0.201802261533.jar:?]
	at org.eclipse.cdt.managedbuilder.internal.core.CommonBuilder.performPrebuildGeneration(CommonBuilder.java:873) [org.eclipse.cdt.managedbuilder.core_8.6.0.201802261533.jar:?]
	at org.eclipse.cdt.managedbuilder.internal.core.CommonBuilder.build(CommonBuilder.java:748) [org.eclipse.cdt.managedbuilder.core_8.6.0.201802261533.jar:?]
	at org.eclipse.cdt.managedbuilder.internal.core.CommonBuilder.build(CommonBuilder.java:513) [org.eclipse.cdt.managedbuilder.core_8.6.0.201802261533.jar:?]
	at org.eclipse.cdt.managedbuilder.internal.core.CommonBuilder.build(CommonBuilder.java:459) [org.eclipse.cdt.managedbuilder.core_8.6.0.201802261533.jar:?]
	at org.eclipse.core.internal.events.BuildManager$2.run(BuildManager.java:832) [org.eclipse.core.resources_3.13.700.v20200209-1624.jar:?]
	at org.eclipse.core.runtime.SafeRunner.run(SafeRunner.java:45) [org.eclipse.equinox.common_3.11.0.v20200206-0817.jar:?]
	at org.eclipse.core.internal.events.BuildManager.basicBuild(BuildManager.java:220) [org.eclipse.core.resources_3.13.700.v20200209-1624.jar:?]
	at org.eclipse.core.internal.events.BuildManager.basicBuild(BuildManager.java:263) [org.eclipse.core.resources_3.13.700.v20200209-1624.jar:?]
	at org.eclipse.core.internal.events.BuildManager$1.run(BuildManager.java:316) [org.eclipse.core.resources_3.13.700.v20200209-1624.jar:?]
	at org.eclipse.core.runtime.SafeRunner.run(SafeRunner.java:45) [org.eclipse.equinox.common_3.11.0.v20200206-0817.jar:?]
	at org.eclipse.core.internal.events.BuildManager.basicBuild(BuildManager.java:319) [org.eclipse.core.resources_3.13.700.v20200209-1624.jar:?]
	at org.eclipse.core.internal.events.BuildManager.basicBuildLoop(BuildManager.java:371) [org.eclipse.core.resources_3.13.700.v20200209-1624.jar:?]
	at org.eclipse.core.internal.events.BuildManager.build(BuildManager.java:392) [org.eclipse.core.resources_3.13.700.v20200209-1624.jar:?]
	at org.eclipse.core.internal.resources.Workspace.buildInternal(Workspace.java:515) [org.eclipse.core.resources_3.13.700.v20200209-1624.jar:?]
	at org.eclipse.core.internal.resources.Workspace.build(Workspace.java:412) [org.eclipse.core.resources_3.13.700.v20200209-1624.jar:?]
	at org.eclipse.ui.actions.BuildAction$1.runInWorkspace(BuildAction.java:291) [org.eclipse.ui.ide_3.17.0.v20200217-1511.jar:?]
	at org.eclipse.core.internal.resources.InternalWorkspaceJob.run(InternalWorkspaceJob.java:42) [org.eclipse.core.resources_3.13.700.v20200209-1624.jar:?]
	at org.eclipse.core.internal.jobs.Worker.run(Worker.java:63) [org.eclipse.core.jobs_3.10.700.v20200106-1020.jar:?]
20:17:41 DEBUG : Logs will be stored at 'C:/Users/Jason.Wyche/source/repos/ece383_wksp/ice2/IDE.log'.
20:17:41 INFO  : Launching XSCT server: xsct.bat -n  -interactive C:\Users\Jason.Wyche\source\repos\ece383_wksp\ice2\temp_xsdb_launch_script.tcl
20:17:44 ERROR : Error encountered while initializing user repository paths
Reason: No Platforms Found.


20:17:44 INFO  : Platform repository initialization has completed.
20:17:45 INFO  : XSCT server has started successfully.
20:17:45 INFO  : plnx-install-location is set to ''
20:17:45 INFO  : Successfully done setting XSCT server connection channel  
20:17:45 INFO  : Successfully done setting workspace for the tool. 
20:17:49 INFO  : Registering command handlers for Vitis TCF services
20:17:50 INFO  : Successfully done query RDI_DATADIR 
20:30:52 INFO  : Result from executing command 'removePlatformRepo': 
20:31:06 ERROR : Error from executing command 'removePlatformRepo': ERROR: No valid directory exists at given path.
20:31:30 INFO  : Result from executing command 'getProjects': design_1_wrapper
20:31:30 INFO  : Result from executing command 'getPlatforms': 
20:31:44 INFO  : Checking for BSP changes to sync application flags for project 'Microblaze_Counter_Vitis'...
20:34:04 INFO  : Connected to target on host '127.0.0.1' and port '3121'.
20:34:23 INFO  : ----------------XSDB Script----------------
connect -url tcp:127.0.0.1:3121
----------------End of Script----------------

20:34:23 ERROR : Could not find FPGA device on the board for connection 'Local'.


Troubleshooting hints:
1. Check whether board is connected to system properly.
2. In case of zynq board, check whether Digilent/Xilinx cable switch settings are correct.
3. If you are using Xilinx Platform Cable USB, ensure that status LED is green.
21:22:16 DEBUG : Logs will be stored at 'C:/Users/Jason.Wyche/source/repos/ece383_wksp/ice2/IDE.log'.
21:22:16 INFO  : Launching XSCT server: xsct.bat -n  -interactive C:\Users\Jason.Wyche\source\repos\ece383_wksp\ice2\temp_xsdb_launch_script.tcl
21:22:20 INFO  : Platform repository initialization has completed.
21:22:21 INFO  : Registering command handlers for Vitis TCF services
21:22:23 INFO  : XSCT server has started successfully.
21:22:23 INFO  : plnx-install-location is set to ''
21:22:23 INFO  : Successfully done setting XSCT server connection channel  
06:20:11 DEBUG : Logs will be stored at 'C:/Users/Jason.Wyche/source/repos/ece383_wksp/ice2/IDE.log'.
06:20:12 INFO  : Launching XSCT server: xsct.bat -n  -interactive C:\Users\Jason.Wyche\source\repos\ece383_wksp\ice2\temp_xsdb_launch_script.tcl
06:20:15 INFO  : XSCT server has started successfully.
06:20:15 INFO  : Successfully done setting XSCT server connection channel  
06:20:15 INFO  : plnx-install-location is set to ''
06:20:15 INFO  : Successfully done setting workspace for the tool. 
06:20:16 INFO  : Platform repository initialization has completed.
06:20:16 INFO  : Registering command handlers for Vitis TCF services
06:20:16 INFO  : Successfully done query RDI_DATADIR 
06:20:48 INFO  : Connected to target on host '127.0.0.1' and port '3121'.
06:20:49 INFO  : Jtag cable 'Digilent Nexys Video 210276BA0139B' is selected.
06:20:49 INFO  : 'jtag frequency' command is executed.
06:20:50 INFO  : 'targets -set -filter {jtag_cable_name =~ "Digilent Nexys Video 210276BA0139B" && level==0 && jtag_device_ctx=="jsn-Nexys Video-210276BA0139B-13636093-0"}' command is executed.
06:20:56 INFO  : Device configured successfully with "C:/Users/Jason.Wyche/source/repos/ece383_wksp/ice2/Microblaze_Counter_Vitis/_ide/bitstream/design_1_wrapper.bit"
06:20:56 INFO  : Context for processor 'microblaze_0' is selected.
06:20:56 INFO  : Hardware design and registers information is loaded from 'C:/Users/Jason.Wyche/source/repos/ece383_wksp/ice2/design_1_wrapper/export/design_1_wrapper/hw/design_1_wrapper.xsa'.
06:20:56 INFO  : 'configparams mdm-detect-bscan-mask 2' command is executed.
06:20:56 INFO  : Context for processor 'microblaze_0' is selected.
06:20:56 INFO  : System reset is completed.
06:20:59 INFO  : 'after 3000' command is executed.
06:20:59 INFO  : Context for processor 'microblaze_0' is selected.
06:21:00 INFO  : The application 'C:/Users/Jason.Wyche/source/repos/ece383_wksp/ice2/Microblaze_Counter_Vitis/Debug/Microblaze_Counter_Vitis.elf' is downloaded to processor 'microblaze_0'.
06:21:00 INFO  : ----------------XSDB Script----------------
connect -url tcp:127.0.0.1:3121
targets -set -filter {jtag_cable_name =~ "Digilent Nexys Video 210276BA0139B" && level==0 && jtag_device_ctx=="jsn-Nexys Video-210276BA0139B-13636093-0"}
fpga -file C:/Users/Jason.Wyche/source/repos/ece383_wksp/ice2/Microblaze_Counter_Vitis/_ide/bitstream/design_1_wrapper.bit
targets -set -nocase -filter {name =~ "*microblaze*#0" && bscan=="USER2" }
loadhw -hw C:/Users/Jason.Wyche/source/repos/ece383_wksp/ice2/design_1_wrapper/export/design_1_wrapper/hw/design_1_wrapper.xsa -regs
configparams mdm-detect-bscan-mask 2
targets -set -nocase -filter {name =~ "*microblaze*#0" && bscan=="USER2" }
rst -system
after 3000
targets -set -nocase -filter {name =~ "*microblaze*#0" && bscan=="USER2" }
dow C:/Users/Jason.Wyche/source/repos/ece383_wksp/ice2/Microblaze_Counter_Vitis/Debug/Microblaze_Counter_Vitis.elf
----------------End of Script----------------

06:21:00 INFO  : Context for processor 'microblaze_0' is selected.
06:21:00 INFO  : 'con' command is executed.
06:21:00 INFO  : ----------------XSDB Script (After Launch)----------------
targets -set -nocase -filter {name =~ "*microblaze*#0" && bscan=="USER2" }
con
----------------End of Script----------------

06:21:00 INFO  : Launch script is exported to file 'C:\Users\Jason.Wyche\source\repos\ece383_wksp\ice2\Microblaze_Counter_Vitis_system\_ide\scripts\debugger_microblaze_counter_vitis-default.tcl'
06:24:26 INFO  : Result from executing command 'getProjects': design_1_wrapper
06:24:26 INFO  : Result from executing command 'getPlatforms': design_1_wrapper|C:/Users/Jason.Wyche/source/repos/ece383_wksp/ice2/design_1_wrapper/export/design_1_wrapper/design_1_wrapper.xpfm
06:24:37 INFO  : Checking for BSP changes to sync application flags for project 'Microblaze_Counter_Vitis'...
06:25:23 INFO  : Disconnected from the channel tcfchan#1.
06:25:24 INFO  : Connected to target on host '127.0.0.1' and port '3121'.
06:25:33 INFO  : ----------------XSDB Script----------------
connect -url tcp:127.0.0.1:3121
----------------End of Script----------------

06:25:33 ERROR : Could not find FPGA device on the board for connection 'Local'.


Troubleshooting hints:
1. Check whether board is connected to system properly.
2. In case of zynq board, check whether Digilent/Xilinx cable switch settings are correct.
3. If you are using Xilinx Platform Cable USB, ensure that status LED is green.
06:25:45 INFO  : Connected to target on host '127.0.0.1' and port '3121'.
06:25:45 INFO  : Jtag cable 'Digilent Nexys Video 210276BA0139B' is selected.
06:25:45 INFO  : 'jtag frequency' command is executed.
06:25:45 INFO  : 'targets -set -filter {jtag_cable_name =~ "Digilent Nexys Video 210276BA0139B" && level==0 && jtag_device_ctx=="jsn-Nexys Video-210276BA0139B-13636093-0"}' command is executed.
06:25:51 INFO  : Device configured successfully with "C:/Users/Jason.Wyche/source/repos/ece383_wksp/ice2/Microblaze_Counter_Vitis/_ide/bitstream/design_1_wrapper.bit"
06:25:51 INFO  : Context for processor 'microblaze_0' is selected.
06:25:51 INFO  : Hardware design and registers information is loaded from 'C:/Users/Jason.Wyche/source/repos/ece383_wksp/ice2/design_1_wrapper/export/design_1_wrapper/hw/design_1_wrapper.xsa'.
06:25:51 INFO  : 'configparams mdm-detect-bscan-mask 2' command is executed.
06:25:51 INFO  : Context for processor 'microblaze_0' is selected.
06:25:51 INFO  : System reset is completed.
06:25:54 INFO  : 'after 3000' command is executed.
06:25:54 INFO  : Context for processor 'microblaze_0' is selected.
06:25:55 INFO  : The application 'C:/Users/Jason.Wyche/source/repos/ece383_wksp/ice2/Microblaze_Counter_Vitis/Debug/Microblaze_Counter_Vitis.elf' is downloaded to processor 'microblaze_0'.
06:25:55 INFO  : ----------------XSDB Script----------------
connect -url tcp:127.0.0.1:3121
targets -set -filter {jtag_cable_name =~ "Digilent Nexys Video 210276BA0139B" && level==0 && jtag_device_ctx=="jsn-Nexys Video-210276BA0139B-13636093-0"}
fpga -file C:/Users/Jason.Wyche/source/repos/ece383_wksp/ice2/Microblaze_Counter_Vitis/_ide/bitstream/design_1_wrapper.bit
targets -set -nocase -filter {name =~ "*microblaze*#0" && bscan=="USER2" }
loadhw -hw C:/Users/Jason.Wyche/source/repos/ece383_wksp/ice2/design_1_wrapper/export/design_1_wrapper/hw/design_1_wrapper.xsa -regs
configparams mdm-detect-bscan-mask 2
targets -set -nocase -filter {name =~ "*microblaze*#0" && bscan=="USER2" }
rst -system
after 3000
targets -set -nocase -filter {name =~ "*microblaze*#0" && bscan=="USER2" }
dow C:/Users/Jason.Wyche/source/repos/ece383_wksp/ice2/Microblaze_Counter_Vitis/Debug/Microblaze_Counter_Vitis.elf
----------------End of Script----------------

06:25:55 INFO  : Context for processor 'microblaze_0' is selected.
06:25:55 INFO  : 'con' command is executed.
06:25:55 INFO  : ----------------XSDB Script (After Launch)----------------
targets -set -nocase -filter {name =~ "*microblaze*#0" && bscan=="USER2" }
con
----------------End of Script----------------

06:25:55 INFO  : Launch script is exported to file 'C:\Users\Jason.Wyche\source\repos\ece383_wksp\ice2\Microblaze_Counter_Vitis_system\_ide\scripts\debugger_microblaze_counter_vitis-default.tcl'
07:18:39 INFO  : Disconnected from the channel tcfchan#3.
07:18:40 INFO  : Connected to target on host '127.0.0.1' and port '3121'.
07:18:49 INFO  : ----------------XSDB Script----------------
connect -url tcp:127.0.0.1:3121
----------------End of Script----------------

07:18:49 ERROR : Could not find FPGA device on the board for connection 'Local'.


Troubleshooting hints:
1. Check whether board is connected to system properly.
2. In case of zynq board, check whether Digilent/Xilinx cable switch settings are correct.
3. If you are using Xilinx Platform Cable USB, ensure that status LED is green.
07:18:55 INFO  : Connected to target on host '127.0.0.1' and port '3121'.
07:18:55 INFO  : Jtag cable 'Digilent Nexys Video 210276BA0139B' is selected.
07:18:55 INFO  : 'jtag frequency' command is executed.
07:18:55 INFO  : 'targets -set -filter {jtag_cable_name =~ "Digilent Nexys Video 210276BA0139B" && level==0 && jtag_device_ctx=="jsn-Nexys Video-210276BA0139B-13636093-0"}' command is executed.
07:19:01 INFO  : Device configured successfully with "C:/Users/Jason.Wyche/source/repos/ece383_wksp/ice2/Microblaze_Counter_Vitis/_ide/bitstream/design_1_wrapper.bit"
07:19:01 INFO  : Context for processor 'microblaze_0' is selected.
07:19:01 INFO  : Hardware design and registers information is loaded from 'C:/Users/Jason.Wyche/source/repos/ece383_wksp/ice2/design_1_wrapper/export/design_1_wrapper/hw/design_1_wrapper.xsa'.
07:19:01 INFO  : 'configparams mdm-detect-bscan-mask 2' command is executed.
07:19:01 INFO  : Context for processor 'microblaze_0' is selected.
07:19:01 INFO  : System reset is completed.
07:19:04 INFO  : 'after 3000' command is executed.
07:19:04 INFO  : Context for processor 'microblaze_0' is selected.
07:19:04 INFO  : The application 'C:/Users/Jason.Wyche/source/repos/ece383_wksp/ice2/Microblaze_Counter_Vitis/Debug/Microblaze_Counter_Vitis.elf' is downloaded to processor 'microblaze_0'.
07:19:04 INFO  : ----------------XSDB Script----------------
connect -url tcp:127.0.0.1:3121
targets -set -filter {jtag_cable_name =~ "Digilent Nexys Video 210276BA0139B" && level==0 && jtag_device_ctx=="jsn-Nexys Video-210276BA0139B-13636093-0"}
fpga -file C:/Users/Jason.Wyche/source/repos/ece383_wksp/ice2/Microblaze_Counter_Vitis/_ide/bitstream/design_1_wrapper.bit
targets -set -nocase -filter {name =~ "*microblaze*#0" && bscan=="USER2" }
loadhw -hw C:/Users/Jason.Wyche/source/repos/ece383_wksp/ice2/design_1_wrapper/export/design_1_wrapper/hw/design_1_wrapper.xsa -regs
configparams mdm-detect-bscan-mask 2
targets -set -nocase -filter {name =~ "*microblaze*#0" && bscan=="USER2" }
rst -system
after 3000
targets -set -nocase -filter {name =~ "*microblaze*#0" && bscan=="USER2" }
dow C:/Users/Jason.Wyche/source/repos/ece383_wksp/ice2/Microblaze_Counter_Vitis/Debug/Microblaze_Counter_Vitis.elf
----------------End of Script----------------

07:19:04 INFO  : Context for processor 'microblaze_0' is selected.
07:19:04 INFO  : 'con' command is executed.
07:19:04 INFO  : ----------------XSDB Script (After Launch)----------------
targets -set -nocase -filter {name =~ "*microblaze*#0" && bscan=="USER2" }
con
----------------End of Script----------------

07:19:04 INFO  : Launch script is exported to file 'C:\Users\Jason.Wyche\source\repos\ece383_wksp\ice2\Microblaze_Counter_Vitis_system\_ide\scripts\debugger_microblaze_counter_vitis-default.tcl'
07:19:38 INFO  : Disconnected from the channel tcfchan#4.
07:19:39 INFO  : Connected to target on host '127.0.0.1' and port '3121'.
07:19:49 INFO  : ----------------XSDB Script----------------
connect -url tcp:127.0.0.1:3121
----------------End of Script----------------

07:19:49 ERROR : Could not find FPGA device on the board for connection 'Local'.


Troubleshooting hints:
1. Check whether board is connected to system properly.
2. In case of zynq board, check whether Digilent/Xilinx cable switch settings are correct.
3. If you are using Xilinx Platform Cable USB, ensure that status LED is green.
07:19:54 INFO  : Connected to target on host '127.0.0.1' and port '3121'.
07:19:55 INFO  : Jtag cable 'Digilent Nexys Video 210276BA0139B' is selected.
07:19:55 INFO  : 'jtag frequency' command is executed.
07:19:55 INFO  : 'targets -set -filter {jtag_cable_name =~ "Digilent Nexys Video 210276BA0139B" && level==0 && jtag_device_ctx=="jsn-Nexys Video-210276BA0139B-13636093-0"}' command is executed.
07:20:00 INFO  : Device configured successfully with "C:/Users/Jason.Wyche/source/repos/ece383_wksp/ice2/Microblaze_Counter_Vitis/_ide/bitstream/design_1_wrapper.bit"
07:20:00 INFO  : Context for processor 'microblaze_0' is selected.
07:20:00 INFO  : Hardware design and registers information is loaded from 'C:/Users/Jason.Wyche/source/repos/ece383_wksp/ice2/design_1_wrapper/export/design_1_wrapper/hw/design_1_wrapper.xsa'.
07:20:00 INFO  : 'configparams mdm-detect-bscan-mask 2' command is executed.
07:20:00 INFO  : Context for processor 'microblaze_0' is selected.
07:20:00 INFO  : System reset is completed.
07:20:03 INFO  : 'after 3000' command is executed.
07:20:03 INFO  : Context for processor 'microblaze_0' is selected.
07:20:03 INFO  : The application 'C:/Users/Jason.Wyche/source/repos/ece383_wksp/ice2/Microblaze_Counter_Vitis/Debug/Microblaze_Counter_Vitis.elf' is downloaded to processor 'microblaze_0'.
07:20:03 INFO  : ----------------XSDB Script----------------
connect -url tcp:127.0.0.1:3121
targets -set -filter {jtag_cable_name =~ "Digilent Nexys Video 210276BA0139B" && level==0 && jtag_device_ctx=="jsn-Nexys Video-210276BA0139B-13636093-0"}
fpga -file C:/Users/Jason.Wyche/source/repos/ece383_wksp/ice2/Microblaze_Counter_Vitis/_ide/bitstream/design_1_wrapper.bit
targets -set -nocase -filter {name =~ "*microblaze*#0" && bscan=="USER2" }
loadhw -hw C:/Users/Jason.Wyche/source/repos/ece383_wksp/ice2/design_1_wrapper/export/design_1_wrapper/hw/design_1_wrapper.xsa -regs
configparams mdm-detect-bscan-mask 2
targets -set -nocase -filter {name =~ "*microblaze*#0" && bscan=="USER2" }
rst -system
after 3000
targets -set -nocase -filter {name =~ "*microblaze*#0" && bscan=="USER2" }
dow C:/Users/Jason.Wyche/source/repos/ece383_wksp/ice2/Microblaze_Counter_Vitis/Debug/Microblaze_Counter_Vitis.elf
----------------End of Script----------------

07:20:04 INFO  : Context for processor 'microblaze_0' is selected.
07:20:04 INFO  : 'con' command is executed.
07:20:04 INFO  : ----------------XSDB Script (After Launch)----------------
targets -set -nocase -filter {name =~ "*microblaze*#0" && bscan=="USER2" }
con
----------------End of Script----------------

07:20:04 INFO  : Launch script is exported to file 'C:\Users\Jason.Wyche\source\repos\ece383_wksp\ice2\Microblaze_Counter_Vitis_system\_ide\scripts\debugger_microblaze_counter_vitis-default.tcl'
07:20:43 INFO  : Disconnected from the channel tcfchan#5.
07:20:44 INFO  : Connected to target on host '127.0.0.1' and port '3121'.
07:20:45 INFO  : Jtag cable 'Digilent Nexys Video 210276BA0139B' is selected.
07:20:45 INFO  : 'jtag frequency' command is executed.
07:20:45 INFO  : 'targets -set -filter {jtag_cable_name =~ "Digilent Nexys Video 210276BA0139B" && level==0 && jtag_device_ctx=="jsn-Nexys Video-210276BA0139B-13636093-0"}' command is executed.
07:20:50 INFO  : Device configured successfully with "C:/Users/Jason.Wyche/source/repos/ece383_wksp/ice2/Microblaze_Counter_Vitis/_ide/bitstream/design_1_wrapper.bit"
07:20:50 INFO  : Context for processor 'microblaze_0' is selected.
07:20:50 INFO  : Hardware design and registers information is loaded from 'C:/Users/Jason.Wyche/source/repos/ece383_wksp/ice2/design_1_wrapper/export/design_1_wrapper/hw/design_1_wrapper.xsa'.
07:20:50 INFO  : 'configparams mdm-detect-bscan-mask 2' command is executed.
07:20:50 INFO  : Context for processor 'microblaze_0' is selected.
07:20:50 INFO  : System reset is completed.
07:20:53 INFO  : 'after 3000' command is executed.
07:20:53 INFO  : Context for processor 'microblaze_0' is selected.
07:20:54 INFO  : The application 'C:/Users/Jason.Wyche/source/repos/ece383_wksp/ice2/Microblaze_Counter_Vitis/Debug/Microblaze_Counter_Vitis.elf' is downloaded to processor 'microblaze_0'.
07:20:54 INFO  : ----------------XSDB Script----------------
connect -url tcp:127.0.0.1:3121
targets -set -filter {jtag_cable_name =~ "Digilent Nexys Video 210276BA0139B" && level==0 && jtag_device_ctx=="jsn-Nexys Video-210276BA0139B-13636093-0"}
fpga -file C:/Users/Jason.Wyche/source/repos/ece383_wksp/ice2/Microblaze_Counter_Vitis/_ide/bitstream/design_1_wrapper.bit
targets -set -nocase -filter {name =~ "*microblaze*#0" && bscan=="USER2" }
loadhw -hw C:/Users/Jason.Wyche/source/repos/ece383_wksp/ice2/design_1_wrapper/export/design_1_wrapper/hw/design_1_wrapper.xsa -regs
configparams mdm-detect-bscan-mask 2
targets -set -nocase -filter {name =~ "*microblaze*#0" && bscan=="USER2" }
rst -system
after 3000
targets -set -nocase -filter {name =~ "*microblaze*#0" && bscan=="USER2" }
dow C:/Users/Jason.Wyche/source/repos/ece383_wksp/ice2/Microblaze_Counter_Vitis/Debug/Microblaze_Counter_Vitis.elf
----------------End of Script----------------

07:20:54 INFO  : Context for processor 'microblaze_0' is selected.
07:20:54 INFO  : 'con' command is executed.
07:20:54 INFO  : ----------------XSDB Script (After Launch)----------------
targets -set -nocase -filter {name =~ "*microblaze*#0" && bscan=="USER2" }
con
----------------End of Script----------------

07:20:54 INFO  : Launch script is exported to file 'C:\Users\Jason.Wyche\source\repos\ece383_wksp\ice2\Microblaze_Counter_Vitis_system\_ide\scripts\debugger_microblaze_counter_vitis-default.tcl'
09:51:48 INFO  : Disconnected from the channel tcfchan#6.
